* installing *source* package ‘collaRge’ ...
** using staged installation
** R
** byte-compile and prepare package for lazy loading
Warning: replacing previous import ‘graphics::frame’ by ‘imager::frame’ when loading ‘collaRge’
Warning: replacing previous import ‘imager::convolve’ by ‘stats::convolve’ when loading ‘collaRge’
Warning: replacing previous import ‘imager::spectrum’ by ‘stats::spectrum’ when loading ‘collaRge’
** help
*** installing help indices
** building package indices
** testing if installed package can be loaded from temporary location
Warning: replacing previous import ‘graphics::frame’ by ‘imager::frame’ when loading ‘collaRge’
Warning: replacing previous import ‘imager::convolve’ by ‘stats::convolve’ when loading ‘collaRge’
Warning: replacing previous import ‘imager::spectrum’ by ‘stats::spectrum’ when loading ‘collaRge’
** testing if installed package can be loaded from final location
Warning: replacing previous import ‘graphics::frame’ by ‘imager::frame’ when loading ‘collaRge’
Warning: replacing previous import ‘imager::convolve’ by ‘stats::convolve’ when loading ‘collaRge’
Warning: replacing previous import ‘imager::spectrum’ by ‘stats::spectrum’ when loading ‘collaRge’
** testing if installed package keeps a record of temporary installation path
* DONE (collaRge)
